TN:
SF:src/App.jsx
FN:13,App
FNF:1
FNH:0
FNDA:0,App
DA:14,0
LF:1
LH:0
BRF:0
BRH:0
end_of_record
TN:
SF:src/auth/AuthContext.jsx
FN:13,(anonymous_0)
FN:14,(anonymous_1)
FN:16,(anonymous_2)
FN:22,(anonymous_3)
FN:28,(anonymous_4)
FN:29,(anonymous_5)
FN:31,(anonymous_6)
FN:41,(anonymous_7)
FNF:8
FNH:7
FNDA:40,(anonymous_0)
FNDA:36,(anonymous_1)
FNDA:4,(anonymous_2)
FNDA:1,(anonymous_3)
FNDA:36,(anonymous_4)
FNDA:0,(anonymous_5)
FNDA:36,(anonymous_6)
FNDA:75,(anonymous_7)
DA:11,6
DA:13,6
DA:14,40
DA:16,40
DA:17,4
DA:18,2
DA:19,2
DA:22,40
DA:23,1
DA:24,1
DA:28,40
DA:29,36
DA:30,36
DA:31,36
DA:34,40
DA:41,6
DA:42,75
DA:43,75
DA:44,75
LF:19
LH:19
BRDA:43,0,0,0
BRDA:43,0,1,75
BRF:2
BRH:1
end_of_record
TN:
SF:src/auth/ProtectedRoute.jsx
FN:6,(anonymous_0)
FNF:1
FNH:0
FNDA:0,(anonymous_0)
DA:6,0
DA:7,0
DA:8,0
LF:3
LH:0
BRDA:8,0,0,0
BRDA:8,0,1,0
BRF:2
BRH:0
end_of_record
TN:
SF:src/components/Layout.jsx
FN:20,(anonymous_0)
FN:25,(anonymous_1)
FN:26,(anonymous_2)
FN:29,(anonymous_3)
FN:32,(anonymous_4)
FN:39,(anonymous_5)
FNF:6
FNH:6
FNDA:4,(anonymous_0)
FNDA:3,(anonymous_1)
FNDA:3,(anonymous_2)
FNDA:3,(anonymous_3)
FNDA:1,(anonymous_4)
FNDA:4,(anonymous_5)
DA:20,1
DA:21,4
DA:22,4
DA:23,4
DA:25,4
DA:26,3
DA:27,3
DA:28,3
DA:29,3
DA:32,4
DA:33,1
DA:34,1
DA:37,4
DA:40,4
LF:14
LH:14
BRDA:44,0,0,0
BRDA:44,0,1,4
BRDA:65,1,0,3
BRDA:65,1,1,1
BRDA:72,2,0,3
BRDA:72,2,1,1
BRDA:79,3,0,3
BRDA:79,3,1,1
BRDA:126,4,0,4
BRDA:126,4,1,1
BRF:10
BRH:9
end_of_record
TN:
SF:src/pages/AccountDetails.jsx
FN:49,(anonymous_0)
FN:69,(anonymous_1)
FN:72,(anonymous_2)
FN:73,(anonymous_3)
FN:82,(anonymous_4)
FN:90,(anonymous_5)
FN:96,(anonymous_6)
FN:97,(anonymous_7)
FN:102,(anonymous_8)
FN:103,(anonymous_9)
FN:106,(anonymous_10)
FN:108,(anonymous_11)
FN:115,(anonymous_12)
FN:119,(anonymous_13)
FN:120,(anonymous_14)
FN:127,(anonymous_15)
FN:134,(anonymous_16)
FN:142,(anonymous_17)
FN:166,(anonymous_18)
FN:223,(anonymous_19)
FN:243,(anonymous_20)
FN:244,(anonymous_21)
FN:245,(anonymous_22)
FN:254,(anonymous_23)
FN:262,(anonymous_24)
FN:283,(anonymous_25)
FN:285,(anonymous_26)
FN:327,(anonymous_27)
FN:333,(anonymous_28)
FNF:29
FNH:20
FNDA:26,(anonymous_0)
FNDA:6,(anonymous_1)
FNDA:6,(anonymous_2)
FNDA:5,(anonymous_3)
FNDA:0,(anonymous_4)
FNDA:11,(anonymous_5)
FNDA:0,(anonymous_6)
FNDA:5,(anonymous_7)
FNDA:0,(anonymous_8)
FNDA:5,(anonymous_9)
FNDA:0,(anonymous_10)
FNDA:0,(anonymous_11)
FNDA:12,(anonymous_12)
FNDA:2,(anonymous_13)
FNDA:3,(anonymous_14)
FNDA:7,(anonymous_15)
FNDA:14,(anonymous_16)
FNDA:0,(anonymous_17)
FNDA:64,(anonymous_18)
FNDA:14,(anonymous_19)
FNDA:99,(anonymous_20)
FNDA:1,(anonymous_21)
FNDA:1,(anonymous_22)
FNDA:42,(anonymous_23)
FNDA:0,(anonymous_24)
FNDA:15,(anonymous_25)
FNDA:45,(anonymous_26)
FNDA:0,(anonymous_27)
FNDA:0,(anonymous_28)
DA:27,1
DA:35,1
DA:43,1
DA:49,1
DA:50,26
DA:51,26
DA:52,26
DA:54,26
DA:55,26
DA:56,26
DA:57,26
DA:58,26
DA:59,26
DA:62,26
DA:63,26
DA:66,26
DA:69,26
DA:70,6
DA:71,6
DA:73,6
DA:74,6
DA:75,5
DA:77,1
DA:78,1
DA:79,1
DA:83,0
DA:84,0
DA:85,0
DA:90,26
DA:91,11
DA:93,5
DA:94,5
DA:96,0
DA:97,5
DA:99,5
DA:100,5
DA:102,0
DA:103,5
DA:106,26
DA:107,0
DA:108,0
DA:110,0
DA:111,0
DA:115,26
DA:117,12
DA:119,2
DA:120,12
DA:121,3
DA:122,3
DA:123,3
DA:127,26
DA:134,26
DA:135,14
DA:137,26
DA:142,0
DA:167,64
DA:231,14
DA:243,99
DA:245,1
DA:255,42
DA:263,0
DA:284,15
DA:286,45
DA:287,15
DA:295,30
DA:296,15
DA:309,15
DA:327,0
DA:333,0
LF:69
LH:56
BRDA:52,0,0,26
BRDA:52,0,1,0
BRDA:74,1,0,5
BRDA:74,1,1,1
BRDA:91,2,0,6
BRDA:91,2,1,5
BRDA:107,3,0,0
BRDA:107,3,1,0
BRDA:108,4,0,0
BRDA:108,4,1,0
BRDA:117,5,0,11
BRDA:117,5,1,1
BRDA:121,6,0,0
BRDA:121,6,1,3
BRDA:122,7,0,0
BRDA:122,7,1,3
BRDA:135,8,0,2
BRDA:135,8,1,12
BRDA:135,9,0,14
BRDA:135,9,1,14
BRDA:149,10,0,26
BRDA:149,10,1,17
BRDA:156,11,0,26
BRDA:156,11,1,2
BRDA:164,12,0,16
BRDA:164,12,1,9
BRDA:172,13,0,9
BRDA:172,13,1,7
BRDA:219,14,0,16
BRDA:219,14,1,9
BRDA:233,15,0,12
BRDA:233,15,1,2
BRDA:243,16,0,99
BRDA:243,16,1,0
BRDA:258,17,0,42
BRDA:258,17,1,28
BRDA:260,18,0,14
BRDA:260,18,1,28
BRDA:262,19,0,0
BRDA:262,19,1,14
BRDA:262,20,0,42
BRDA:262,20,1,28
BRDA:273,21,0,6
BRDA:273,21,1,8
BRDA:286,22,0,15
BRDA:286,22,1,30
BRDA:289,23,0,15
BRDA:289,23,1,0
BRDA:295,24,0,15
BRDA:295,24,1,15
BRDA:302,25,0,8
BRDA:302,25,1,7
BRF:52
BRH:42
end_of_record
TN:
SF:src/pages/Dashboard.jsx
FN:31,(anonymous_0)
FN:42,(anonymous_1)
FN:46,(anonymous_2)
FN:47,(anonymous_3)
FN:50,(anonymous_4)
FN:52,(anonymous_5)
FN:55,(anonymous_6)
FN:60,(anonymous_7)
FN:88,(anonymous_8)
FN:107,(anonymous_9)
FN:117,(anonymous_10)
FN:132,(anonymous_11)
FN:134,(anonymous_12)
FN:142,(anonymous_13)
FN:165,(anonymous_14)
FNF:15
FNH:14
FNDA:22,(anonymous_0)
FNDA:6,(anonymous_1)
FNDA:1,(anonymous_2)
FNDA:5,(anonymous_3)
FNDA:14,(anonymous_4)
FNDA:20,(anonymous_5)
FNDA:14,(anonymous_6)
FNDA:45,(anonymous_7)
FNDA:18,(anonymous_8)
FNDA:4,(anonymous_9)
FNDA:54,(anonymous_10)
FNDA:50,(anonymous_11)
FNDA:150,(anonymous_12)
FNDA:1,(anonymous_13)
FNDA:0,(anonymous_14)
DA:25,1
DA:31,1
DA:32,22
DA:33,22
DA:35,22
DA:36,22
DA:37,22
DA:38,22
DA:39,22
DA:40,22
DA:42,22
DA:43,6
DA:44,6
DA:46,1
DA:47,5
DA:50,22
DA:51,14
DA:52,20
DA:55,22
DA:56,14
DA:60,45
DA:67,22
DA:96,18
DA:108,4
DA:109,4
DA:118,54
DA:133,50
DA:135,150
DA:136,50
DA:142,1
DA:149,100
DA:166,0
DA:167,0
LF:33
LH:31
BRDA:33,0,0,22
BRDA:33,0,1,0
BRDA:52,1,0,4
BRDA:52,1,1,10
BRDA:73,2,0,9
BRDA:73,2,1,12
BRDA:73,3,0,6
BRDA:73,3,1,6
BRDA:77,4,0,22
BRDA:77,4,1,3
BRDA:83,5,0,9
BRDA:83,5,1,12
BRDA:125,6,0,2
BRDA:125,6,1,16
BRDA:135,7,0,50
BRDA:135,7,1,100
BRF:16
BRH:15
end_of_record
TN:
SF:src/pages/Login.jsx
FN:14,(anonymous_0)
FN:22,(anonymous_1)
FN:105,(anonymous_2)
FN:114,(anonymous_3)
FNF:4
FNH:4
FNDA:72,(anonymous_0)
FNDA:4,(anonymous_1)
FNDA:23,(anonymous_2)
FNDA:34,(anonymous_3)
DA:14,1
DA:15,72
DA:16,72
DA:17,72
DA:18,72
DA:19,72
DA:20,72
DA:22,72
DA:23,4
DA:24,4
DA:25,4
DA:26,4
DA:27,4
DA:28,2
DA:30,2
DA:31,1
DA:33,1
DA:36,4
DA:40,72
DA:105,23
DA:114,34
LF:21
LH:21
BRDA:17,0,0,72
BRDA:17,0,1,0
BRDA:18,1,0,72
BRDA:18,1,1,0
BRDA:30,2,0,1
BRDA:30,2,1,1
BRDA:87,3,0,72
BRDA:87,3,1,2
BRDA:122,4,0,72
BRDA:122,4,1,67
BRDA:122,4,2,63
BRDA:125,5,0,4
BRDA:125,5,1,67
BRF:13
BRH:11
end_of_record
TN:
SF:src/pages/OverdraftRequest.jsx
FN:19,(anonymous_0)
FN:35,(anonymous_1)
FN:51,(anonymous_2)
FN:78,(anonymous_3)
FN:92,(anonymous_4)
FN:93,(anonymous_5)
FN:103,(anonymous_6)
FN:104,(anonymous_7)
FNF:8
FNH:7
FNDA:155,(anonymous_0)
FNDA:3,(anonymous_1)
FNDA:1,(anonymous_2)
FNDA:0,(anonymous_3)
FNDA:118,(anonymous_4)
FNDA:6,(anonymous_5)
FNDA:16,(anonymous_6)
FNDA:5,(anonymous_7)
DA:16,1
DA:17,1
DA:19,1
DA:20,155
DA:21,155
DA:22,155
DA:23,155
DA:25,155
DA:26,155
DA:28,155
DA:29,155
DA:31,155
DA:32,155
DA:33,155
DA:35,155
DA:36,3
DA:37,3
DA:38,3
DA:39,3
DA:41,3
DA:42,3
DA:43,3
DA:44,3
DA:45,3
DA:47,0
DA:51,155
DA:52,1
DA:53,1
DA:54,1
DA:55,1
DA:56,1
DA:57,1
DA:60,155
DA:78,0
DA:92,118
DA:93,6
DA:103,16
DA:104,5
LF:38
LH:36
BRDA:32,0,0,155
BRDA:32,0,1,23
BRDA:32,0,2,21
BRDA:33,1,0,155
BRDA:33,1,1,119
BRDA:39,2,0,0
BRDA:39,2,1,3
BRDA:47,3,0,0
BRDA:47,3,1,0
BRDA:71,4,0,155
BRDA:71,4,1,0
BRDA:94,5,0,155
BRDA:94,5,1,30
BRDA:105,6,0,155
BRDA:105,6,1,8
BRDA:109,7,0,155
BRDA:109,7,1,136
BRDA:109,7,2,125
BRDA:112,8,0,155
BRDA:112,8,1,3
BRDA:123,9,0,155
BRDA:123,9,1,3
BRF:22
BRH:18
end_of_record
TN:
SF:src/pages/Transfer.jsx
FN:17,(anonymous_0)
FN:42,(anonymous_1)
FN:53,(anonymous_2)
FN:95,(anonymous_3)
FN:107,(anonymous_4)
FN:121,(anonymous_5)
FN:122,(anonymous_6)
FN:137,(anonymous_7)
FN:138,(anonymous_8)
FN:152,(anonymous_9)
FN:153,(anonymous_10)
FN:178,(anonymous_11)
FN:179,(anonymous_12)
FNF:13
FNH:9
FNDA:429,(anonymous_0)
FNDA:7,(anonymous_1)
FNDA:4,(anonymous_2)
FNDA:0,(anonymous_3)
FNDA:0,(anonymous_4)
FNDA:185,(anonymous_5)
FNDA:9,(anonymous_6)
FNDA:176,(anonymous_7)
FNDA:8,(anonymous_8)
FNDA:20,(anonymous_9)
FNDA:7,(anonymous_10)
FNDA:0,(anonymous_11)
FNDA:0,(anonymous_12)
DA:17,1
DA:18,429
DA:20,429
DA:21,429
DA:22,429
DA:23,429
DA:24,429
DA:25,429
DA:26,429
DA:29,429
DA:30,429
DA:31,429
DA:33,429
DA:34,429
DA:35,429
DA:37,429
DA:38,429
DA:39,429
DA:40,429
DA:42,429
DA:43,7
DA:44,7
DA:45,7
DA:46,7
DA:47,7
DA:48,6
DA:49,6
DA:50,6
DA:53,429
DA:54,4
DA:55,4
DA:56,4
DA:57,3
DA:58,3
DA:60,3
DA:61,3
DA:62,3
DA:63,3
DA:64,3
DA:65,3
DA:67,1
DA:68,1
DA:69,1
DA:71,0
DA:74,4
DA:78,429
DA:95,0
DA:107,0
DA:121,185
DA:122,9
DA:137,176
DA:138,8
DA:152,20
DA:153,7
DA:178,0
DA:179,0
LF:56
LH:51
BRDA:18,0,0,429
BRDA:18,0,1,0
BRDA:39,1,0,429
BRDA:39,1,1,37
BRDA:40,2,0,429
BRDA:40,2,1,375
BRDA:40,2,2,191
BRDA:40,2,3,35
BRDA:47,3,0,1
BRDA:47,3,1,6
BRDA:68,4,0,1
BRDA:68,4,1,0
BRDA:69,5,0,1
BRDA:69,5,1,0
BRDA:88,6,0,429
BRDA:88,6,1,3
BRDA:100,7,0,429
BRDA:100,7,1,1
BRDA:123,8,0,429
BRDA:123,8,1,232
BRDA:125,9,0,3
BRDA:125,9,1,426
BRDA:125,10,0,429
BRDA:125,10,1,417
BRDA:139,11,0,429
BRDA:139,11,1,47
BRDA:139,11,2,47
BRDA:139,11,3,47
BRDA:141,12,0,3
BRDA:141,12,1,426
BRDA:141,13,0,429
BRDA:141,13,1,223
BRDA:154,14,0,429
BRDA:154,14,1,19
BRDA:161,15,0,429
BRDA:161,15,1,429
BRDA:174,16,0,4
BRDA:174,16,1,425
BRDA:178,17,0,0
BRDA:178,17,1,0
BRDA:179,18,0,0
BRDA:179,18,1,0
BRDA:201,19,0,429
BRDA:201,19,1,392
BRF:44
BRH:37
end_of_record
TN:
SF:src/utils/formatters.js
FN:5,(anonymous_0)
FN:16,(anonymous_1)
FN:30,(anonymous_2)
FN:37,(anonymous_3)
FNF:4
FNH:4
FNDA:475,(anonymous_0)
FNDA:10,(anonymous_1)
FNDA:928,(anonymous_2)
FNDA:1017,(anonymous_3)
DA:5,5
DA:6,475
DA:7,475
DA:16,5
DA:17,10
DA:18,8
DA:19,8
DA:20,8
DA:30,5
DA:31,928
DA:32,710
DA:33,710
DA:37,5
DA:38,1017
DA:39,791
LF:15
LH:15
BRDA:6,0,0,471
BRDA:6,0,1,4
BRDA:6,1,0,475
BRDA:6,1,1,473
BRDA:17,2,0,2
BRDA:17,2,1,8
BRDA:19,3,0,0
BRDA:19,3,1,8
BRDA:31,4,0,218
BRDA:31,4,1,710
BRDA:33,5,0,710
BRDA:33,5,1,0
BRDA:38,6,0,226
BRDA:38,6,1,791
BRDA:38,7,0,1017
BRDA:38,7,1,791
BRF:16
BRH:14
end_of_record
